!SESSION 2021-04-12 10:10:58.964 -----------------------------------------------
eclipse.buildId=4.7.2.M20171130-0510
java.version=1.8.0_191
java.vendor=Oracle Corporation
BootLoader constants: OS=win32, ARCH=x86_64, WS=win32, NL=pl_PL
Framework arguments:  -product org.eclipse.epp.package.committers.product
Command-line arguments:  -os win32 -ws win32 -arch x86_64 -product org.eclipse.epp.package.committers.product

!ENTRY org.eclipse.ui.ide 4 4 2021-04-12 10:11:28.681
!MESSAGE Could not read version file C:\Users\stars\OneDrive\mgr\Sem 2\TO\Projekt\Etap_2\eclipse-committers-oxygen-2-win32-x86_64\workspace\.metadata\version.ini

!ENTRY org.eclipse.ui.ide 4 4 2021-04-12 10:11:28.683
!MESSAGE Operacja w chmurze nie powiodła się
!STACK 0
java.io.IOException: Operacja w chmurze nie powiodła się
	at java.io.FileInputStream.readBytes(Native Method)
	at java.io.FileInputStream.read(Unknown Source)
	at java.util.Properties$LineReader.readLine(Unknown Source)
	at java.util.Properties.load0(Unknown Source)
	at java.util.Properties.load(Unknown Source)
	at org.eclipse.ui.internal.ide.application.IDEApplication.readWorkspaceVersion(IDEApplication.java:514)
	at org.eclipse.ui.internal.ide.application.IDEApplication.checkValidWorkspace(IDEApplication.java:438)
	at org.eclipse.ui.internal.ide.application.IDEApplication.promptForWorkspace(IDEApplication.java:406)
	at org.eclipse.ui.internal.ide.application.IDEApplication.checkInstanceLocation(IDEApplication.java:278)
	at org.eclipse.ui.internal.ide.application.IDEApplication.start(IDEApplication.java:141)
	at org.eclipse.equinox.internal.app.EclipseAppHandle.run(EclipseAppHandle.java:196)
	at org.eclipse.core.runtime.internal.adaptor.EclipseAppLauncher.runApplication(EclipseAppLauncher.java:134)
	at org.eclipse.core.runtime.internal.adaptor.EclipseAppLauncher.start(EclipseAppLauncher.java:104)
	at org.eclipse.core.runtime.adaptor.EclipseStarter.run(EclipseStarter.java:388)
	at org.eclipse.core.runtime.adaptor.EclipseStarter.run(EclipseStarter.java:243)
	at sun.reflect.NativeMethodAccessorImpl.invoke0(Native Method)
	at sun.reflect.NativeMethodAccessorImpl.invoke(Unknown Source)
	at sun.reflect.DelegatingMethodAccessorImpl.invoke(Unknown Source)
	at java.lang.reflect.Method.invoke(Unknown Source)
	at org.eclipse.equinox.launcher.Main.invokeFramework(Main.java:653)
	at org.eclipse.equinox.launcher.Main.basicRun(Main.java:590)
	at org.eclipse.equinox.launcher.Main.run(Main.java:1499)

!ENTRY org.eclipse.ui.ide 4 4 2021-04-12 10:11:59.734
!MESSAGE Could not read version file C:\Users\stars\OneDrive\mgr\Sem 2\TO\Projekt\Etap_2\eclipse-committers-oxygen-2-win32-x86_64\workspace\.metadata\version.ini

!ENTRY org.eclipse.ui.ide 4 4 2021-04-12 10:11:59.736
!MESSAGE Operacja w chmurze nie powiodła się
!STACK 0
java.io.IOException: Operacja w chmurze nie powiodła się
	at java.io.FileInputStream.readBytes(Native Method)
	at java.io.FileInputStream.read(Unknown Source)
	at java.util.Properties$LineReader.readLine(Unknown Source)
	at java.util.Properties.load0(Unknown Source)
	at java.util.Properties.load(Unknown Source)
	at org.eclipse.ui.internal.ide.application.IDEApplication.readWorkspaceVersion(IDEApplication.java:514)
	at org.eclipse.ui.internal.ide.application.IDEApplication.checkValidWorkspace(IDEApplication.java:438)
	at org.eclipse.ui.internal.ide.application.IDEApplication.promptForWorkspace(IDEApplication.java:406)
	at org.eclipse.ui.internal.ide.application.IDEApplication.checkInstanceLocation(IDEApplication.java:278)
	at org.eclipse.ui.internal.ide.application.IDEApplication.start(IDEApplication.java:141)
	at org.eclipse.equinox.internal.app.EclipseAppHandle.run(EclipseAppHandle.java:196)
	at org.eclipse.core.runtime.internal.adaptor.EclipseAppLauncher.runApplication(EclipseAppLauncher.java:134)
	at org.eclipse.core.runtime.internal.adaptor.EclipseAppLauncher.start(EclipseAppLauncher.java:104)
	at org.eclipse.core.runtime.adaptor.EclipseStarter.run(EclipseStarter.java:388)
	at org.eclipse.core.runtime.adaptor.EclipseStarter.run(EclipseStarter.java:243)
	at sun.reflect.NativeMethodAccessorImpl.invoke0(Native Method)
	at sun.reflect.NativeMethodAccessorImpl.invoke(Unknown Source)
	at sun.reflect.DelegatingMethodAccessorImpl.invoke(Unknown Source)
	at java.lang.reflect.Method.invoke(Unknown Source)
	at org.eclipse.equinox.launcher.Main.invokeFramework(Main.java:653)
	at org.eclipse.equinox.launcher.Main.basicRun(Main.java:590)
	at org.eclipse.equinox.launcher.Main.run(Main.java:1499)

!ENTRY org.eclipse.ui.ide 4 4 2021-04-12 10:12:29.571
!MESSAGE Could not read version file C:\Users\stars\OneDrive\mgr\Sem 2\TO\Projekt\Etap_2\eclipse-committers-oxygen-2-win32-x86_64\workspace\.metadata\version.ini

!ENTRY org.eclipse.ui.ide 4 4 2021-04-12 10:12:29.573
!MESSAGE Operacja w chmurze nie powiodła się
!STACK 0
java.io.IOException: Operacja w chmurze nie powiodła się
	at java.io.FileInputStream.readBytes(Native Method)
	at java.io.FileInputStream.read(Unknown Source)
	at java.util.Properties$LineReader.readLine(Unknown Source)
	at java.util.Properties.load0(Unknown Source)
	at java.util.Properties.load(Unknown Source)
	at org.eclipse.ui.internal.ide.application.IDEApplication.readWorkspaceVersion(IDEApplication.java:514)
	at org.eclipse.ui.internal.ide.application.IDEApplication.checkValidWorkspace(IDEApplication.java:438)
	at org.eclipse.ui.internal.ide.application.IDEApplication.promptForWorkspace(IDEApplication.java:406)
	at org.eclipse.ui.internal.ide.application.IDEApplication.checkInstanceLocation(IDEApplication.java:278)
	at org.eclipse.ui.internal.ide.application.IDEApplication.start(IDEApplication.java:141)
	at org.eclipse.equinox.internal.app.EclipseAppHandle.run(EclipseAppHandle.java:196)
	at org.eclipse.core.runtime.internal.adaptor.EclipseAppLauncher.runApplication(EclipseAppLauncher.java:134)
	at org.eclipse.core.runtime.internal.adaptor.EclipseAppLauncher.start(EclipseAppLauncher.java:104)
	at org.eclipse.core.runtime.adaptor.EclipseStarter.run(EclipseStarter.java:388)
	at org.eclipse.core.runtime.adaptor.EclipseStarter.run(EclipseStarter.java:243)
	at sun.reflect.NativeMethodAccessorImpl.invoke0(Native Method)
	at sun.reflect.NativeMethodAccessorImpl.invoke(Unknown Source)
	at sun.reflect.DelegatingMethodAccessorImpl.invoke(Unknown Source)
	at java.lang.reflect.Method.invoke(Unknown Source)
	at org.eclipse.equinox.launcher.Main.invokeFramework(Main.java:653)
	at org.eclipse.equinox.launcher.Main.basicRun(Main.java:590)
	at org.eclipse.equinox.launcher.Main.run(Main.java:1499)
